<?xml version="1.0" encoding="UTF-8"?>
<!-- Generated by org.testng.reporters.JUnitReportReporter -->
<testsuite hostname="mindq-PC" name="com.ranford.master.Exepom" tests="1" failures="0" timestamp="10 Mar 2017 02:42:58 GMT" time="8.663" errors="0">
  <testcase name="Exelogin" time="8.663" classname="com.ranford.master.Exepom"/>
</testsuite> <!-- com.ranford.master.Exepom -->
