<?xml version="1.0" encoding="UTF-8"?>
<!-- Generated by org.testng.reporters.JUnitReportReporter -->
<testsuite hostname="mindq-PC" name="com.ranford.master.Role" tests="3" failures="0" timestamp="9 Mar 2017 01:15:52 GMT" time="36.198" errors="0">
  <testcase name="Rcreation" time="12.060" classname="com.ranford.master.Role"/>
  <testcase name="Rcreation" time="12.044" classname="com.ranford.master.Role"/>
  <testcase name="Rcreation" time="12.094" classname="com.ranford.master.Role"/>
</testsuite> <!-- com.ranford.master.Role -->
