<?xml version="1.0" encoding="UTF-8"?>
<!-- Generated by org.testng.reporters.JUnitReportReporter -->
<testsuite hostname="mindq-PC" name="com.ranford.master.Emp" tests="3" failures="0" timestamp="9 Mar 2017 01:33:57 GMT" time="64.576" errors="0">
  <testcase name="EmpC" time="21.625" classname="com.ranford.master.Emp"/>
  <testcase name="EmpC" time="21.358" classname="com.ranford.master.Emp"/>
  <testcase name="EmpC" time="21.593" classname="com.ranford.master.Emp"/>
</testsuite> <!-- com.ranford.master.Emp -->
