<?xml version="1.0" encoding="UTF-8"?>
<!-- Generated by org.testng.reporters.JUnitReportReporter -->
<testsuite hostname="mindq-PC" name="com.ranford.master.ExampleNg" tests="3" failures="0" timestamp="8 Mar 2017 01:17:47 GMT" time="0.047" errors="0">
  <testcase name="xyz" time="0.032" classname="com.ranford.master.ExampleNg"/>
  <testcase name="abc" time="0.015" classname="com.ranford.master.ExampleNg"/>
  <testcase name="pqr" time="0.000" classname="com.ranford.master.ExampleNg"/>
</testsuite> <!-- com.ranford.master.ExampleNg -->
